<?xml version="1.0" encoding="utf-8"?><testsuites name="pytest tests"><testsuite name="pytest" errors="0" failures="0" skipped="0" tests="20" time="29.330" timestamp="2026-03-12T18:06:16.385985+00:00" hostname="agent-env-83b08577-512e-428e-a6b1-91d1c7792a3b"><testcase classname="backend.tests.test_music_league.TestAuth" name="test_register_new_user" time="0.372" /><testcase classname="backend.tests.test_music_league.TestAuth" name="test_register_duplicate_email_fails" time="0.551" /><testcase classname="backend.tests.test_music_league.TestAuth" name="test_login_success" time="0.319" /><testcase classname="backend.tests.test_music_league.TestAuth" name="test_login_invalid_credentials" time="0.086" /><testcase classname="backend.tests.test_music_league.TestLeague" name="test_create_league" time="0.382" /><testcase classname="backend.tests.test_music_league.TestLeague" name="test_join_league" time="0.959" /><testcase classname="backend.tests.test_music_league.TestRound" name="test_create_round" time="0.501" /><testcase classname="backend.tests.test_music_league.TestVotingSystem" name="test_submit_songs" time="2.134" /><testcase classname="backend.tests.test_music_league.TestVotingSystem" name="test_voting_n1_point_system" time="2.743" /><testcase classname="backend.tests.test_music_league.TestVotingSystem" name="test_non_voter_auto_distribution" time="2.726" /><testcase classname="backend.tests.test_music_league.TestVotingSystem" name="test_tie_scenario" time="2.726" /><testcase classname="backend.tests.test_music_league.TestStandings" name="test_standings_accumulation" time="3.051" /><testcase classname="backend.tests.test_music_league.TestUserStats" name="test_user_stats" time="0.423" /><testcase classname="backend.tests.test_music_league.TestNonSubmitterZeroPoints" name="test_non_submitter_zero_points_in_standings" time="2.058" /><testcase classname="backend.tests.test_music_league.TestChatEndpoints" name="test_send_message" time="0.939" /><testcase classname="backend.tests.test_music_league.TestChatEndpoints" name="test_get_messages" time="1.157" /><testcase classname="backend.tests.test_music_league.TestChatEndpoints" name="test_message_empty_content_fails" time="0.915" /><testcase classname="backend.tests.test_music_league.TestChatEndpoints" name="test_chat_status" time="1.107" /><testcase classname="backend.tests.test_music_league.TestZeroPointUsersInStandings" name="test_zero_point_users_appear_in_standings" time="2.590" /><testcase classname="backend.tests.test_music_league.TestZeroPointUsersInStandings" name="test_multiple_rounds_zero_point_user" time="3.425" /></testsuite></testsuites>