<?xml version="1.0" encoding="utf-8"?><testsuites name="pytest tests"><testsuite name="pytest" errors="0" failures="1" skipped="0" tests="11" time="54.806" timestamp="2026-03-17T19:49:45.610125+00:00" hostname="agent-env-716fde05-7651-4080-a93d-cc6d1cdb79f2"><testcase classname="backend.tests.test_voting_dropdown_points.TestVotingDropdownCount" name="test_4_players_3_dropdown_options" time="8.530" /><testcase classname="backend.tests.test_voting_dropdown_points.TestVotingDropdownCount" name="test_3_players_2_dropdown_options" time="5.606" /><testcase classname="backend.tests.test_voting_dropdown_points.TestVotingDropdownCount" name="test_5_players_4_dropdown_options" time="9.111" /><testcase classname="backend.tests.test_voting_dropdown_points.TestPointsSystem" name="test_4_player_points_n1_system" time="9.256"><failure message="AssertionError: User2 expected 4 pts (2*2), got 5&#10;assert 5 == 4">backend/tests/test_voting_dropdown_points.py:485: in test_4_player_points_n1_system
    assert user2_result["points"] == 4, f"User2 expected 4 pts (2*2), got {user2_result['points']}"
E   AssertionError: User2 expected 4 pts (2*2), got 5
E   assert 5 == 4</failure></testcase><testcase classname="backend.tests.test_voting_dropdown_points.TestPointsSystem" name="test_3_player_points_system" time="7.441" /><testcase classname="backend.tests.test_voting_dropdown_points.TestVotingValidation" name="test_cannot_vote_for_own_submission" time="5.746" /><testcase classname="backend.tests.test_voting_dropdown_points.TestVotingValidation" name="test_only_submitters_can_vote" time="5.281" /><testcase classname="backend.tests.test_voting_dropdown_points.TestAPIEndpoints" name="test_health_check" time="0.416" /><testcase classname="backend.tests.test_voting_dropdown_points.TestAPIEndpoints" name="test_register_user" time="0.630" /><testcase classname="backend.tests.test_voting_dropdown_points.TestAPIEndpoints" name="test_login_user" time="0.632" /><testcase classname="backend.tests.test_voting_dropdown_points.TestAPIEndpoints" name="test_get_submissions" time="2.003" /></testsuite></testsuites>