<?xml version="1.0" encoding="utf-8"?><testsuites name="pytest tests"><testsuite name="pytest" errors="0" failures="0" skipped="0" tests="20" time="94.450" timestamp="2026-03-12T20:32:20.235222+00:00" hostname="agent-env-3c2af19e-bb9f-46a5-87c3-a57e869c09c0"><testcase classname="backend.tests.test_music_league.TestAuth" name="test_register_new_user" time="0.767" /><testcase classname="backend.tests.test_music_league.TestAuth" name="test_register_duplicate_email_fails" time="1.122" /><testcase classname="backend.tests.test_music_league.TestAuth" name="test_login_success" time="0.653" /><testcase classname="backend.tests.test_music_league.TestAuth" name="test_login_invalid_credentials" time="0.434" /><testcase classname="backend.tests.test_music_league.TestLeague" name="test_create_league" time="1.043" /><testcase classname="backend.tests.test_music_league.TestLeague" name="test_join_league" time="4.234" /><testcase classname="backend.tests.test_music_league.TestRound" name="test_create_round" time="1.442" /><testcase classname="backend.tests.test_music_league.TestVotingSystem" name="test_submit_songs" time="6.487" /><testcase classname="backend.tests.test_music_league.TestVotingSystem" name="test_voting_n1_point_system" time="9.179" /><testcase classname="backend.tests.test_music_league.TestVotingSystem" name="test_non_voter_auto_distribution" time="8.685" /><testcase classname="backend.tests.test_music_league.TestVotingSystem" name="test_tie_scenario" time="9.079" /><testcase classname="backend.tests.test_music_league.TestStandings" name="test_standings_accumulation" time="11.132" /><testcase classname="backend.tests.test_music_league.TestUserStats" name="test_user_stats" time="1.070" /><testcase classname="backend.tests.test_music_league.TestNonSubmitterZeroPoints" name="test_non_submitter_zero_points_in_standings" time="6.405" /><testcase classname="backend.tests.test_music_league.TestChatEndpoints" name="test_send_message" time="2.493" /><testcase classname="backend.tests.test_music_league.TestChatEndpoints" name="test_get_messages" time="3.800" /><testcase classname="backend.tests.test_music_league.TestChatEndpoints" name="test_message_empty_content_fails" time="2.514" /><testcase classname="backend.tests.test_music_league.TestChatEndpoints" name="test_chat_status" time="3.356" /><testcase classname="backend.tests.test_music_league.TestZeroPointUsersInStandings" name="test_zero_point_users_appear_in_standings" time="8.363" /><testcase classname="backend.tests.test_music_league.TestZeroPointUsersInStandings" name="test_multiple_rounds_zero_point_user" time="12.136" /></testsuite></testsuites>