<?xml version="1.0" encoding="utf-8"?><testsuites name="pytest tests"><testsuite name="pytest" errors="0" failures="0" skipped="0" tests="20" time="97.987" timestamp="2026-03-17T19:52:19.223784+00:00" hostname="agent-env-716fde05-7651-4080-a93d-cc6d1cdb79f2"><testcase classname="backend.tests.test_music_league.TestAuth" name="test_register_new_user" time="0.805" /><testcase classname="backend.tests.test_music_league.TestAuth" name="test_register_duplicate_email_fails" time="1.411" /><testcase classname="backend.tests.test_music_league.TestAuth" name="test_login_success" time="0.632" /><testcase classname="backend.tests.test_music_league.TestAuth" name="test_login_invalid_credentials" time="0.479" /><testcase classname="backend.tests.test_music_league.TestLeague" name="test_create_league" time="1.072" /><testcase classname="backend.tests.test_music_league.TestLeague" name="test_join_league" time="2.199" /><testcase classname="backend.tests.test_music_league.TestRound" name="test_create_round" time="1.488" /><testcase classname="backend.tests.test_music_league.TestVotingSystem" name="test_submit_songs" time="6.672" /><testcase classname="backend.tests.test_music_league.TestVotingSystem" name="test_voting_n1_point_system" time="9.769" /><testcase classname="backend.tests.test_music_league.TestVotingSystem" name="test_non_voter_auto_distribution" time="9.091" /><testcase classname="backend.tests.test_music_league.TestVotingSystem" name="test_tie_scenario" time="10.073" /><testcase classname="backend.tests.test_music_league.TestStandings" name="test_standings_accumulation" time="12.327" /><testcase classname="backend.tests.test_music_league.TestUserStats" name="test_user_stats" time="1.195" /><testcase classname="backend.tests.test_music_league.TestNonSubmitterZeroPoints" name="test_non_submitter_zero_points_in_standings" time="6.845" /><testcase classname="backend.tests.test_music_league.TestChatEndpoints" name="test_send_message" time="2.648" /><testcase classname="backend.tests.test_music_league.TestChatEndpoints" name="test_get_messages" time="3.964" /><testcase classname="backend.tests.test_music_league.TestChatEndpoints" name="test_message_empty_content_fails" time="2.634" /><testcase classname="backend.tests.test_music_league.TestChatEndpoints" name="test_chat_status" time="3.506" /><testcase classname="backend.tests.test_music_league.TestZeroPointUsersInStandings" name="test_zero_point_users_appear_in_standings" time="8.623" /><testcase classname="backend.tests.test_music_league.TestZeroPointUsersInStandings" name="test_multiple_rounds_zero_point_user" time="12.454" /></testsuite></testsuites>