<?xml version="1.0" encoding="utf-8"?><testsuites name="pytest tests"><testsuite name="pytest" errors="0" failures="0" skipped="0" tests="14" time="64.564" timestamp="2026-03-12T16:34:08.512056+00:00" hostname="agent-env-83b08577-512e-428e-a6b1-91d1c7792a3b"><testcase classname="backend.tests.test_music_league.TestAuth" name="test_register_new_user" time="0.831" /><testcase classname="backend.tests.test_music_league.TestAuth" name="test_register_duplicate_email_fails" time="1.238" /><testcase classname="backend.tests.test_music_league.TestAuth" name="test_login_success" time="0.627" /><testcase classname="backend.tests.test_music_league.TestAuth" name="test_login_invalid_credentials" time="0.414" /><testcase classname="backend.tests.test_music_league.TestLeague" name="test_create_league" time="1.097" /><testcase classname="backend.tests.test_music_league.TestLeague" name="test_join_league" time="2.264" /><testcase classname="backend.tests.test_music_league.TestRound" name="test_create_round" time="1.587" /><testcase classname="backend.tests.test_music_league.TestVotingSystem" name="test_submit_songs" time="6.731" /><testcase classname="backend.tests.test_music_league.TestVotingSystem" name="test_voting_n1_point_system" time="10.136" /><testcase classname="backend.tests.test_music_league.TestVotingSystem" name="test_non_voter_auto_distribution" time="9.412" /><testcase classname="backend.tests.test_music_league.TestVotingSystem" name="test_tie_scenario" time="9.850" /><testcase classname="backend.tests.test_music_league.TestStandings" name="test_standings_accumulation" time="12.017" /><testcase classname="backend.tests.test_music_league.TestUserStats" name="test_user_stats" time="1.117" /><testcase classname="backend.tests.test_music_league.TestNonSubmitterZeroPoints" name="test_non_submitter_zero_points_in_standings" time="7.189" /></testsuite></testsuites>