<?xml version="1.0" encoding="utf-8"?><testsuites name="pytest tests"><testsuite name="pytest" errors="0" failures="0" skipped="0" tests="11" time="55.037" timestamp="2026-03-17T19:51:19.077261+00:00" hostname="agent-env-716fde05-7651-4080-a93d-cc6d1cdb79f2"><testcase classname="backend.tests.test_voting_dropdown_points.TestVotingDropdownCount" name="test_4_players_3_dropdown_options" time="8.352" /><testcase classname="backend.tests.test_voting_dropdown_points.TestVotingDropdownCount" name="test_3_players_2_dropdown_options" time="5.837" /><testcase classname="backend.tests.test_voting_dropdown_points.TestVotingDropdownCount" name="test_5_players_4_dropdown_options" time="9.134" /><testcase classname="backend.tests.test_voting_dropdown_points.TestPointsSystem" name="test_4_player_points_n1_system" time="9.328" /><testcase classname="backend.tests.test_voting_dropdown_points.TestPointsSystem" name="test_3_player_points_system" time="7.459" /><testcase classname="backend.tests.test_voting_dropdown_points.TestVotingValidation" name="test_cannot_vote_for_own_submission" time="5.710" /><testcase classname="backend.tests.test_voting_dropdown_points.TestVotingValidation" name="test_only_submitters_can_vote" time="5.519" /><testcase classname="backend.tests.test_voting_dropdown_points.TestAPIEndpoints" name="test_health_check" time="0.411" /><testcase classname="backend.tests.test_voting_dropdown_points.TestAPIEndpoints" name="test_register_user" time="0.640" /><testcase classname="backend.tests.test_voting_dropdown_points.TestAPIEndpoints" name="test_login_user" time="0.663" /><testcase classname="backend.tests.test_voting_dropdown_points.TestAPIEndpoints" name="test_get_submissions" time="1.908" /></testsuite></testsuites>